[2025-05-18 17:33:56,097] INFO: Service API is running and logging is active.
[2025-05-18 17:33:56,099] INFO: Successfully loaded model from ml/model.skops.
[2025-05-18 17:33:56,100] INFO: Service API is running and logging is active.
[2025-05-18 17:33:56,101] INFO: Successfully loaded model from ml/model.skops.
[2025-05-18 17:33:56,105] INFO: POST /predict - Received input: {'X1_transaction_date': 2013.333, 'X2_house_age': 6.3, 'X3_distance_to_the_nearest_MRT_station': 90.45606, 'X4_number_of_convenience_stores': 9, 'X5_latitude': 24.97433, 'X6_longitude': 121.5431}
[2025-05-18 17:33:56,105] INFO: POST /predict - Input passed validation: {'X1_transaction_date': 2013.333, 'X2_house_age': 6.3, 'X3_distance_to_the_nearest_MRT_station': 90.45606, 'X4_number_of_convenience_stores': 9, 'X5_latitude': 24.97433, 'X6_longitude': 121.5431}.
[2025-05-18 17:33:56,106] INFO: POST /predict - Prediction result: 53.6277324116802.
[2025-05-18 17:33:56,107] INFO: Service API is running and logging is active.
[2025-05-18 17:33:56,108] INFO: Successfully loaded model from ml/model.skops.
[2025-05-18 17:33:56,109] INFO: GET /health - Model is healthy
[2025-05-18 17:34:34,861] INFO: Service API is running and logging is active.
[2025-05-18 17:34:34,863] INFO: Successfully loaded model from ml/model.skops.
[2025-05-18 17:34:34,864] INFO: Service API is running and logging is active.
[2025-05-18 17:34:34,865] INFO: Successfully loaded model from ml/model.skops.
[2025-05-18 17:34:34,869] INFO: POST /predict - Received input: {'X1_transaction_date': 2013.333, 'X2_house_age': 6.3, 'X3_distance_to_the_nearest_MRT_station': 90.45606, 'X4_number_of_convenience_stores': 9, 'X5_latitude': 24.97433, 'X6_longitude': 121.5431}
[2025-05-18 17:34:34,869] INFO: POST /predict - Input passed validation: {'X1_transaction_date': 2013.333, 'X2_house_age': 6.3, 'X3_distance_to_the_nearest_MRT_station': 90.45606, 'X4_number_of_convenience_stores': 9, 'X5_latitude': 24.97433, 'X6_longitude': 121.5431}.
[2025-05-18 17:34:34,870] INFO: POST /predict - Prediction result: 53.6277324116802.
[2025-05-18 17:34:34,871] INFO: Service API is running and logging is active.
[2025-05-18 17:34:34,873] INFO: Successfully loaded model from ml/model.skops.
[2025-05-18 17:34:34,873] INFO: POST /predict - Received input: {'X1_transaction_date': 2013.333, 'X2_house_age': 6.3, 'X3_distance_to_the_nearest_MRT_station': 90.45606}
[2025-05-18 17:34:34,873] WARNING: POST /predict - Input failed validation: {'X4_number_of_convenience_stores': ['Missing data for required field.'], 'X5_latitude': ['Missing data for required field.'], 'X6_longitude': ['Missing data for required field.']}
[2025-05-18 17:34:34,874] INFO: Service API is running and logging is active.
[2025-05-18 17:34:34,875] INFO: Successfully loaded model from ml/model.skops.
[2025-05-18 17:34:34,876] INFO: GET /health - Model is healthy
